Chapter09/app/build/outputs/logs/manifest-merger-debug-report.txt
-- Merging decision tree log ---
manifest
ADDED from src/main/AndroidManifest.xml:2:1-107:12
	package
		ADDED from src/main/AndroidManifest.xml:3:5-48
		INJECTED from src/main/AndroidManifest.xml
		INJECTED from src/main/AndroidManifest.xml
	android:versionName
		ADDED from src/main/AndroidManifest.xml:5:5-30
	android:versionCode
		ADDED from src/main/AndroidManifest.xml:4:5-28
		INJECTED from src/main/AndroidManifest.xml
		INJECTED from src/main/AndroidManifest.xml
	xmlns:android
		ADDED from src/main/AndroidManifest.xml:2:11-69
uses-permission#android.permission.INTERNET
ADDED from src/main/AndroidManifest.xml:7:5-67
	android:name
		ADDED from src/main/AndroidManifest.xml:7:22-64
uses-permission#android.permission.MANAGE_ACCOUNTS
ADDED from src/main/AndroidManifest.xml:8:5-74
	android:name
		ADDED from src/main/AndroidManifest.xml:8:22-71
uses-permission#android.permission.USE_CREDENTIALS
ADDED from src/main/AndroidManifest.xml:9:5-74
	android:name
		ADDED from src/main/AndroidManifest.xml:9:22-71
uses-sdk
ADDED from src/main/AndroidManifest.xml:11:5-13:41
	android:targetSdkVersion
		ADDED from src/main/AndroidManifest.xml:13:9-38
		INJECTED from src/main/AndroidManifest.xml
		INJECTED from src/main/AndroidManifest.xml
	android:minSdkVersion
		ADDED from src/main/AndroidManifest.xml:12:9-35
		INJECTED from src/main/AndroidManifest.xml
		INJECTED from src/main/AndroidManifest.xml
application
ADDED from src/main/AndroidManifest.xml:15:5-105:19
	android:label
		ADDED from src/main/AndroidManifest.xml:18:9-41
	android:allowBackup
		ADDED from src/main/AndroidManifest.xml:16:9-35
	android:icon
		ADDED from src/main/AndroidManifest.xml:17:9-45
	android:theme
		ADDED from src/main/AndroidManifest.xml:19:9-40
activity#jp.co.se.android.recipe.common.MainActivity
ADDED from src/main/AndroidManifest.xml:20:9-28:20
	android:label
		ADDED from src/main/AndroidManifest.xml:22:13-45
	android:name
		ADDED from src/main/AndroidManifest.xml:21:13-71
intent-filter#android.intent.action.MAIN+android.intent.category.LAUNCHER
ADDED from src/main/AndroidManifest.xml:23:13-27:29
action#android.intent.action.MAIN
ADDED from src/main/AndroidManifest.xml:24:17-69
	android:name
		ADDED from src/main/AndroidManifest.xml:24:25-66
category#android.intent.category.LAUNCHER
ADDED from src/main/AndroidManifest.xml:26:17-77
	android:name
		ADDED from src/main/AndroidManifest.xml:26:27-74
activity#jp.co.se.android.recipe.chapter09.Ch0902
ADDED from src/main/AndroidManifest.xml:29:9-37:20
	android:label
		ADDED from src/main/AndroidManifest.xml:31:13-47
	android:name
		ADDED from src/main/AndroidManifest.xml:30:13-68
intent-filter#android.intent.action.MAIN+android.intent.category.SAMPLE_CODE
ADDED from src/main/AndroidManifest.xml:32:13-36:29
category#android.intent.category.SAMPLE_CODE
ADDED from src/main/AndroidManifest.xml:35:17-80
	android:name
		ADDED from src/main/AndroidManifest.xml:35:27-77
activity#jp.co.se.android.recipe.chapter09.Ch0903
ADDED from src/main/AndroidManifest.xml:38:9-46:20
	android:label
		ADDED from src/main/AndroidManifest.xml:40:13-47
	android:name
		ADDED from src/main/AndroidManifest.xml:39:13-68
activity#jp.co.se.android.recipe.chapter09.Ch0905
ADDED from src/main/AndroidManifest.xml:47:9-66:20
	android:label
		ADDED from src/main/AndroidManifest.xml:49:13-47
	android:launchMode
		ADDED from src/main/AndroidManifest.xml:50:13-44
	android:name
		ADDED from src/main/AndroidManifest.xml:48:13-68
intent-filter#android.intent.action.VIEW+android.intent.category.BROWSABLE+android.intent.category.DEFAULT
ADDED from src/main/AndroidManifest.xml:56:13-65:29
action#android.intent.action.VIEW
ADDED from src/main/AndroidManifest.xml:57:17-69
	android:name
		ADDED from src/main/AndroidManifest.xml:57:25-66
category#android.intent.category.DEFAULT
ADDED from src/main/AndroidManifest.xml:59:17-76
	android:name
		ADDED from src/main/AndroidManifest.xml:59:27-73
category#android.intent.category.BROWSABLE
ADDED from src/main/AndroidManifest.xml:60:17-78
	android:name
		ADDED from src/main/AndroidManifest.xml:60:27-75
data
ADDED from src/main/AndroidManifest.xml:62:17-64:76
	android:host
		ADDED from src/main/AndroidManifest.xml:63:21-69
	android:scheme
		ADDED from src/main/AndroidManifest.xml:64:21-73
activity#jp.co.se.android.recipe.chapter09.Ch0906
ADDED from src/main/AndroidManifest.xml:67:9-75:20
	android:label
		ADDED from src/main/AndroidManifest.xml:69:13-47
	android:name
		ADDED from src/main/AndroidManifest.xml:68:13-68
activity#jp.co.se.android.recipe.chapter09.Ch0908
ADDED from src/main/AndroidManifest.xml:76:9-84:20
	android:label
		ADDED from src/main/AndroidManifest.xml:78:13-47
	android:name
		ADDED from src/main/AndroidManifest.xml:77:13-68
activity#jp.co.se.android.recipe.chapter09.Ch0909
ADDED from src/main/AndroidManifest.xml:85:9-93:20
	android:label
		ADDED from src/main/AndroidManifest.xml:87:13-47
	android:name
		ADDED from src/main/AndroidManifest.xml:86:13-68
activity#com.facebook.LoginActivity
ADDED from src/main/AndroidManifest.xml:94:9-97:75
	android:label
		ADDED from src/main/AndroidManifest.xml:96:13-45
	android:theme
		ADDED from src/main/AndroidManifest.xml:97:13-72
	android:name
		ADDED from src/main/AndroidManifest.xml:95:13-54
meta-data#com.facebook.sdk.ApplicationId
ADDED from src/main/AndroidManifest.xml:99:9-101:54
	android:value
		ADDED from src/main/AndroidManifest.xml:101:13-51
	android:name
		ADDED from src/main/AndroidManifest.xml:100:13-58
meta-data#com.google.android.gms.version
ADDED from src/main/AndroidManifest.xml:102:9-104:69
	android:value
		ADDED from src/main/AndroidManifest.xml:104:13-66
	android:name
		ADDED from src/main/AndroidManifest.xml:103:13-58